<?xml version="1.0" encoding="UTF-8" ?>
<testsuites>
  <testsuite errors="1" failures="29" hostname="vpn6-57.broadinstitute.org" id="0" name="BatchModuleTest" package="org.genepattern.gpunit.test" skipped="0" tests="32" time="3600.07" timestamp="2015-02-09T19:07:36">
      <properties>
          <property name="java.vendor" value="Oracle Corporation" />

          <property name="username" value="eby@broadinstitute.org" />

          <property name="gpunit.testTimeout" value="" />

          <property name="sun.java.launcher" value="SUN_STANDARD" />

          <property name="sun.management.compiler" value="HotSpot 64-Bit Tiered Compilers" />

          <property name="os.name" value="Mac OS X" />

          <property name="java.target" value="1.5" />

          <property name="sun.boot.class.path" value="/Library/Java/JavaVirtualMachines/jdk1.7.0_67.jdk/Contents/Home/jre/lib/resources.jar:/Library/Java/JavaVirtualMachines/jdk1.7.0_67.jdk/Contents/Home/jre/lib/rt.jar:/Library/Java/JavaVirtualMachines/jdk1.7.0_67.jdk/Contents/Home/jre/lib/sunrsasign.jar:/Library/Java/JavaVirtualMachines/jdk1.7.0_67.jdk/Contents/Home/jre/lib/jsse.jar:/Library/Java/JavaVirtualMachines/jdk1.7.0_67.jdk/Contents/Home/jre/lib/jce.jar:/Library/Java/JavaVirtualMachines/jdk1.7.0_67.jdk/Contents/Home/jre/lib/charsets.jar:/Library/Java/JavaVirtualMachines/jdk1.7.0_67.jdk/Contents/Home/jre/lib/jfr.jar:/Library/Java/JavaVirtualMachines/jdk1.7.0_67.jdk/Contents/Home/jre/classes" />

          <property name="gpunit.shutdownTimeout" value="3600" />

          <property name="TODAY" value="February 9 2015" />

          <property name="gpunit.jobCompletionTimeout" value="" />

          <property name="java.vm.specification.vendor" value="Oracle Corporation" />

          <property name="ant.home" value="/Users/eby/Packages/apache-ant-1.9.4" />

          <property name="java.runtime.version" value="1.7.0_67-b01" />

          <property name="gpunit.client" value="REST" />

          <property name="user.name" value="eby" />

          <property name="gp-client-lib-exists" value="true" />

          <property name="client.lib.dir" value="/Users/eby/Documents/workspace/GenePattern/GpUnit/tmp/192.168.195.73/client" />

          <property name="gpunit.delete.jobs" value="false" />

          <property name="user.language" value="en" />

          <property name="project.basedir" value="/Users/eby/Documents/workspace/GenePattern/GpUnit" />

          <property name="sun.boot.library.path" value="/Library/Java/JavaVirtualMachines/jdk1.7.0_67.jdk/Contents/Home/jre/lib" />

          <property name="gpunit.testfolder" value="./" />

          <property name="ant.project.default-target" value="package" />

          <property name="gp.password" value="" />

          <property name="ant.project.name" value="gp-unit" />

          <property name="DSTAMP" value="20150209" />

          <property name="java.version" value="1.7.0_67" />

          <property name="user.timezone" value="" />

          <property name="gpunit.numThreads" value="8" />

          <property name="sun.arch.data.model" value="64" />

          <property name="http.nonProxyHosts" value="local|*.local|169.254/16|*.169.254/16" />

          <property name="java.endorsed.dirs" value="/Library/Java/JavaVirtualMachines/jdk1.7.0_67.jdk/Contents/Home/jre/lib/endorsed" />

          <property name="sun.cpu.isalist" value="" />

          <property name="gp.host" value="192.168.195.73" />

          <property name="sun.jnu.encoding" value="UTF-8" />

          <property name="file.encoding.pkg" value="sun.io" />

          <property name="testcases" value="/Users/eby/Documents/workspace/GenePattern/modules/AffySTExpressionFileCreator/gpunit/v1" />

          <property name="gpunit.properties" value="gpunit.properties" />

          <property name="file.separator" value="/" />

          <property name="genePatternUrl" value="http://192.168.195.73:8080" />

          <property name="java.specification.name" value="Java Platform API Specification" />

          <property name="ant.file.gpunit_runner" value="/Users/eby/Documents/workspace/GenePattern/modules/AffySTExpressionFileCreator/gpunit/v1/build.xml" />

          <property name="java.class.version" value="51.0" />

          <property name="user.country" value="US" />

          <property name="java.home" value="/Library/Java/JavaVirtualMachines/jdk1.7.0_67.jdk/Contents/Home/jre" />

          <property name="java.vm.info" value="mixed mode" />

          <property name="ant.file" value="/Users/eby/Documents/workspace/GenePattern/GpUnit/build.xml" />

          <property name="os.version" value="10.9.5" />

          <property name="gp.url" value="http://192.168.195.73:8080" />

          <property name="gpunit.save.downloads" value="true" />

          <property name="path.separator" value=":" />

          <property name="java.vm.version" value="24.65-b04" />

          <property name="gp-server-online" value="true" />

          <property name="report.dir" value="./test_runs/reports" />

          <property name="ant.library.dir" value="/Users/eby/Packages/apache-ant-1.9.4/lib" />

          <property name="java.awt.printerjob" value="sun.lwawt.macosx.CPrinterJob" />

          <property name="sun.io.unicode.encoding" value="UnicodeBig" />

          <property name="ant.file.type.gp-unit" value="file" />

          <property name="awt.toolkit" value="sun.lwawt.macosx.LWCToolkit" />

          <property name="socksNonProxyHosts" value="local|*.local|169.254/16|*.169.254/16" />

          <property name="ftp.nonProxyHosts" value="local|*.local|169.254/16|*.169.254/16" />

          <property name="ant.file.type.gpunit_runner" value="file" />

          <property name="gpunit.upload.dir" value="" />

          <property name="user.home" value="/Users/eby" />

          <property name="java.specification.vendor" value="Oracle Corporation" />

          <property name="java.library.path" value="/Users/eby/Library/Java/Extensions:/Library/Java/Extensions:/Network/Library/Java/Extensions:/System/Library/Java/Extensions:/usr/lib/java:." />

          <property name="java.vendor.url" value="http://java.oracle.com/" />

          <property name="java.vm.vendor" value="Oracle Corporation" />

          <property name="gopherProxySet" value="false" />

          <property name="java.runtime.name" value="Java(TM) SE Runtime Environment" />

          <property name="ant.version" value="Apache Ant(TM) version 1.9.4 compiled on April 29 2014" />

          <property name="sun.java.command" value="org.apache.tools.ant.taskdefs.optional.junit.JUnitTestRunner org.genepattern.gpunit.test.BatchModuleTest skipNonTests=false filtertrace=true haltOnError=false haltOnFailure=false formatter=org.apache.tools.ant.taskdefs.optional.junit.SummaryJUnitResultFormatter showoutput=true outputtoformatters=true logfailedtests=true threadid=0 logtestlistenerevents=false formatter=org.apache.tools.ant.taskdefs.optional.junit.XMLJUnitResultFormatter,/Users/eby/Documents/workspace/GenePattern/modules/AffySTExpressionFileCreator/gpunit/v1/test_runs/reports/run_20150209_1407/TEST-all.xml crashfile=/Users/eby/Documents/workspace/GenePattern/modules/AffySTExpressionFileCreator/gpunit/v1/junitvmwatcher5381693510821344688.properties propsfile=/Users/eby/Documents/workspace/GenePattern/modules/AffySTExpressionFileCreator/gpunit/v1/junit3417502471781916146.properties" />

          <property name="java.class.path" value="/Users/eby/Documents/workspace/GenePattern/GpUnit/classes:/Users/eby/Documents/workspace/GenePattern/GpUnit/lib/commons-codec-1.3.jar:/Users/eby/Documents/workspace/GenePattern/GpUnit/lib/commons-compress-1.8.jar:/Users/eby/Documents/workspace/GenePattern/GpUnit/lib/gp-modules-updated.jar:/Users/eby/Documents/workspace/GenePattern/GpUnit/lib/gson-2.3.jar:/Users/eby/Documents/workspace/GenePattern/GpUnit/lib/hamcrest-core-1.3.jar:/Users/eby/Documents/workspace/GenePattern/GpUnit/lib/httpclient-4.0.jar:/Users/eby/Documents/workspace/GenePattern/GpUnit/lib/httpcore-4.0.1.jar:/Users/eby/Documents/workspace/GenePattern/GpUnit/lib/junit-4.11.jar:/Users/eby/Documents/workspace/GenePattern/GpUnit/lib/snakeyaml-1.10.jar:/Users/eby/Documents/workspace/GenePattern/GpUnit/tmp/192.168.195.73/client/GenePattern.jar:/Users/eby/Documents/workspace/GenePattern/GpUnit/tmp/192.168.195.73/client/lib/Jama-1.0.1.jar:/Users/eby/Documents/workspace/GenePattern/GpUnit/tmp/192.168.195.73/client/lib/MAGEstk-2003-10-24-v1.1-compatible.jar:/Users/eby/Documents/workspace/GenePattern/GpUnit/tmp/192.168.195.73/client/lib/activation.jar:/Users/eby/Documents/workspace/GenePattern/GpUnit/tmp/192.168.195.73/client/lib/axis.jar:/Users/eby/Documents/workspace/GenePattern/GpUnit/tmp/192.168.195.73/client/lib/commons-codec-1.3.jar:/Users/eby/Documents/workspace/GenePattern/GpUnit/tmp/192.168.195.73/client/lib/commons-discovery-0.2.jar:/Users/eby/Documents/workspace/GenePattern/GpUnit/tmp/192.168.195.73/client/lib/commons-httpclient-3.1.jar:/Users/eby/Documents/workspace/GenePattern/GpUnit/tmp/192.168.195.73/client/lib/commons-logging.jar:/Users/eby/Documents/workspace/GenePattern/GpUnit/tmp/192.168.195.73/client/lib/gp-modules.jar:/Users/eby/Documents/workspace/GenePattern/GpUnit/tmp/192.168.195.73/client/lib/jaxrpc.jar:/Users/eby/Documents/workspace/GenePattern/GpUnit/tmp/192.168.195.73/client/lib/log4j-1.2.16.jar:/Users/eby/Documents/workspace/GenePattern/GpUnit/tmp/192.168.195.73/client/lib/mail.jar:/Users/eby/Documents/workspace/GenePattern/GpUnit/tmp/192.168.195.73/client/lib/saaj.jar:/Users/eby/Documents/workspace/GenePattern/GpUnit/tmp/192.168.195.73/client/lib/trove.jar:/Users/eby/Documents/workspace/GenePattern/GpUnit/tmp/192.168.195.73/client/lib/wsdl4j-1.5.1.jar:/Users/eby/Packages/apache-ant-1.9.4/lib/ant-launcher.jar:/Users/eby/Packages/apache-ant-1.9.4/lib/ant.jar:/Users/eby/Packages/apache-ant-1.9.4/lib/ant-junit.jar:/Users/eby/Packages/apache-ant-1.9.4/lib/ant-junit4.jar" />

          <property name="TSTAMP" value="1407" />

          <property name="java.vm.specification.name" value="Java Virtual Machine Specification" />

          <property name="gp.port" value=":8080" />

          <property name="ant.file.type" value="file" />

          <property name="gpunit.outputdir" value="./test_runs/jobResults" />

          <property name="java.vm.specification.version" value="1.7" />

          <property name="sun.cpu.endian" value="little" />

          <property name="sun.os.patch.level" value="unknown" />

          <property name="java.io.tmpdir" value="/var/folders/jr/mkq786rj65vbczgs__qg9w7872k_wx/T/" />

          <property name="java.vendor.url.bug" value="http://bugreport.sun.com/bugreport/" />

          <property name="gpunit.testcase.dirs" value="/Users/eby/Documents/workspace/GenePattern/modules/AffySTExpressionFileCreator/gpunit/v1" />

          <property name="java.awt.graphicsenv" value="sun.awt.CGraphicsEnvironment" />

          <property name="os.arch" value="x86_64" />

          <property name="java.ext.dirs" value="/Users/eby/Library/Java/Extensions:/Library/Java/JavaVirtualMachines/jdk1.7.0_67.jdk/Contents/Home/jre/lib/ext:/Library/Java/Extensions:/Network/Library/Java/Extensions:/System/Library/Java/Extensions:/usr/lib/java" />

          <property name="gpunit.batch.name" value="run_20150209_1407" />

          <property name="user.dir" value="/Users/eby/Documents/workspace/GenePattern/modules/AffySTExpressionFileCreator/gpunit/v1" />

          <property name="password" value="" />

          <property name="gp.user" value="eby@broadinstitute.org" />

          <property name="gpunit.dir" value="/Users/eby/Documents/workspace/GenePattern/GpUnit" />

          <property name="line.separator" value="&#xa;" />

          <property name="java.vm.name" value="Java HotSpot(TM) 64-Bit Server VM" />

          <property name="ant.file.gp-unit" value="/Users/eby/Documents/workspace/GenePattern/GpUnit/build.xml" />

          <property name="basedir" value="/Users/eby/Documents/workspace/GenePattern/modules/AffySTExpressionFileCreator/gpunit/v1" />

          <property name="report.run.dir" value="/Users/eby/Documents/workspace/GenePattern/modules/AffySTExpressionFileCreator/gpunit/v1/test_runs/reports/run_20150209_1407" />

          <property name="ant.java.version" value="1.7" />

          <property name="ant.core.lib" value="/Users/eby/Packages/apache-ant-1.9.4/lib/ant.jar" />

          <property name="gpunit.server.dir" value="" />

          <property name="file.encoding" value="UTF-8" />

          <property name="local.dir" value="/Users/eby/Documents/workspace/GenePattern/GpUnit/tmp/192.168.195.73" />

          <property name="gpunit.classpath.prop" value="/Users/eby/Documents/workspace/GenePattern/GpUnit/classes:/Users/eby/Documents/workspace/GenePattern/GpUnit/lib/commons-codec-1.3.jar:/Users/eby/Documents/workspace/GenePattern/GpUnit/lib/commons-compress-1.8.jar:/Users/eby/Documents/workspace/GenePattern/GpUnit/lib/gp-modules-updated.jar:/Users/eby/Documents/workspace/GenePattern/GpUnit/lib/gson-2.3.jar:/Users/eby/Documents/workspace/GenePattern/GpUnit/lib/hamcrest-core-1.3.jar:/Users/eby/Documents/workspace/GenePattern/GpUnit/lib/httpclient-4.0.jar:/Users/eby/Documents/workspace/GenePattern/GpUnit/lib/httpcore-4.0.1.jar:/Users/eby/Documents/workspace/GenePattern/GpUnit/lib/junit-4.11.jar:/Users/eby/Documents/workspace/GenePattern/GpUnit/lib/snakeyaml-1.10.jar:/Users/eby/Documents/workspace/GenePattern/GpUnit/tmp/192.168.195.73/client/GenePattern.jar:/Users/eby/Documents/workspace/GenePattern/GpUnit/tmp/192.168.195.73/client/lib/Jama-1.0.1.jar:/Users/eby/Documents/workspace/GenePattern/GpUnit/tmp/192.168.195.73/client/lib/MAGEstk-2003-10-24-v1.1-compatible.jar:/Users/eby/Documents/workspace/GenePattern/GpUnit/tmp/192.168.195.73/client/lib/activation.jar:/Users/eby/Documents/workspace/GenePattern/GpUnit/tmp/192.168.195.73/client/lib/axis.jar:/Users/eby/Documents/workspace/GenePattern/GpUnit/tmp/192.168.195.73/client/lib/commons-codec-1.3.jar:/Users/eby/Documents/workspace/GenePattern/GpUnit/tmp/192.168.195.73/client/lib/commons-discovery-0.2.jar:/Users/eby/Documents/workspace/GenePattern/GpUnit/tmp/192.168.195.73/client/lib/commons-httpclient-3.1.jar:/Users/eby/Documents/workspace/GenePattern/GpUnit/tmp/192.168.195.73/client/lib/commons-logging.jar:/Users/eby/Documents/workspace/GenePattern/GpUnit/tmp/192.168.195.73/client/lib/gp-modules.jar:/Users/eby/Documents/workspace/GenePattern/GpUnit/tmp/192.168.195.73/client/lib/jaxrpc.jar:/Users/eby/Documents/workspace/GenePattern/GpUnit/tmp/192.168.195.73/client/lib/log4j-1.2.16.jar:/Users/eby/Documents/workspace/GenePattern/GpUnit/tmp/192.168.195.73/client/lib/mail.jar:/Users/eby/Documents/workspace/GenePattern/GpUnit/tmp/192.168.195.73/client/lib/saaj.jar:/Users/eby/Documents/workspace/GenePattern/GpUnit/tmp/192.168.195.73/client/lib/trove.jar:/Users/eby/Documents/workspace/GenePattern/GpUnit/tmp/192.168.195.73/client/lib/wsdl4j-1.5.1.jar" />

          <property name="java.specification.version" value="1.7" />

          <property name="ant.project.invoked-targets" value="gpunit" />

      </properties>

      <testcase classname="org.genepattern.gpunit.test.BatchModuleTest" name="gpunit[input_options_invalid_empty_zip_test]" time="121.755">
          <failure message="job #42, Files differ, &apos;/Volumes/xchip_sqa/Modules/TestSuiteData/AffySTExpressionFileCreator/v1/output/input_options/invalid_empty_zip_test/stdout.txt&apos;, &apos;./test_runs/jobResults/run_20150209_1407/input_options_invalid_empty_zip_test/stdout.txt&apos;" type="junit.framework.AssertionFailedError">junit.framework.AssertionFailedError: job #42, Files differ, &apos;/Volumes/xchip_sqa/Modules/TestSuiteData/AffySTExpressionFileCreator/v1/output/input_options/invalid_empty_zip_test/stdout.txt&apos;, &apos;./test_runs/jobResults/run_20150209_1407/input_options_invalid_empty_zip_test/stdout.txt&apos;
	at org.genepattern.gpunit.test.BatchModuleTest.gpunit(BatchModuleTest.java:173)
</failure>

      </testcase>

      <testcase classname="org.genepattern.gpunit.test.BatchModuleTest" name="gpunit[anno_options_HuEx_1_0_ST_test]" time="128.722">
          <failure message="job #46 has stderr.txt output: &#xa;Error in &quot;BiocInstaller&quot; %in% installed.packages(lib.loc = site.library)[,  : &#xa;  error in evaluating the argument &apos;table&apos; in selecting a method for function &apos;%in%&apos;: Error in readRDS(dest) : error reading from connection&#xa;Calls: installed.packages -&gt; readRDS&#xa;Calls: tryCatch ... dyn.loadBioconductorPackage -&gt; init.bioc.loader -&gt; %in%&#xa;Execution halted" type="junit.framework.AssertionFailedError">junit.framework.AssertionFailedError: job #46 has stderr.txt output: 
Error in &quot;BiocInstaller&quot; %in% installed.packages(lib.loc = site.library)[,  : 
  error in evaluating the argument &apos;table&apos; in selecting a method for function &apos;%in%&apos;: Error in readRDS(dest) : error reading from connection
Calls: installed.packages -&gt; readRDS
Calls: tryCatch ... dyn.loadBioconductorPackage -&gt; init.bioc.loader -&gt; %in%
Execution halted
	at org.genepattern.gpunit.test.BatchModuleTest.gpunit(BatchModuleTest.java:173)
</failure>

      </testcase>

      <testcase classname="org.genepattern.gpunit.test.BatchModuleTest" name="gpunit[clm_options_warn_extra_entries_test]" time="236.017">
          <failure message="job #45 has stderr.txt output: &#xa;Error in file(file, &quot;rt&quot;) : cannot open the connection&#xa;Calls: tryCatch ... tryCatchList -&gt; GP.affyst.efc -&gt; read.clm -&gt; read.table -&gt; file&#xa;Execution halted" type="junit.framework.AssertionFailedError">junit.framework.AssertionFailedError: job #45 has stderr.txt output: 
Error in file(file, &quot;rt&quot;) : cannot open the connection
Calls: tryCatch ... tryCatchList -&gt; GP.affyst.efc -&gt; read.clm -&gt; read.table -&gt; file
Execution halted
	at org.genepattern.gpunit.test.BatchModuleTest.gpunit(BatchModuleTest.java:173)
</failure>

      </testcase>

      <testcase classname="org.genepattern.gpunit.test.BatchModuleTest" name="gpunit[clm_options_exclude_test]" time="241.956">
          <failure message="job #48 has stderr.txt output: &#xa;Error in file(file, &quot;rt&quot;) : cannot open the connection&#xa;Calls: tryCatch ... tryCatchList -&gt; GP.affyst.efc -&gt; read.clm -&gt; read.table -&gt; file&#xa;Execution halted" type="junit.framework.AssertionFailedError">junit.framework.AssertionFailedError: job #48 has stderr.txt output: 
Error in file(file, &quot;rt&quot;) : cannot open the connection
Calls: tryCatch ... tryCatchList -&gt; GP.affyst.efc -&gt; read.clm -&gt; read.table -&gt; file
Execution halted
	at org.genepattern.gpunit.test.BatchModuleTest.gpunit(BatchModuleTest.java:173)
</failure>

      </testcase>

      <testcase classname="org.genepattern.gpunit.test.BatchModuleTest" name="gpunit[anno_options_ZebGene_1_1_ST_test]" time="241.981">
          <failure message="job #43 has stderr.txt output: &#xa;Error in read.celfile.header(x) : &#xa;  End of file reached unexpectedly. Perhaps this file is truncated.&#xa;Calls: tryCatch ... sapply -&gt; lapply -&gt; FUN -&gt; read.celfile.header -&gt; .Call&#xa;Execution halted" type="junit.framework.AssertionFailedError">junit.framework.AssertionFailedError: job #43 has stderr.txt output: 
Error in read.celfile.header(x) : 
  End of file reached unexpectedly. Perhaps this file is truncated.
Calls: tryCatch ... sapply -&gt; lapply -&gt; FUN -&gt; read.celfile.header -&gt; .Call
Execution halted
	at org.genepattern.gpunit.test.BatchModuleTest.gpunit(BatchModuleTest.java:173)
</failure>

      </testcase>

      <testcase classname="org.genepattern.gpunit.test.BatchModuleTest" name="gpunit[clm_options_rename_and_rearrange_test]" time="241.983">
          <failure message="job #44 has stderr.txt output: &#xa;Error in file(file, &quot;rt&quot;) : cannot open the connection&#xa;Calls: tryCatch ... tryCatchList -&gt; GP.affyst.efc -&gt; read.clm -&gt; read.table -&gt; file&#xa;Execution halted" type="junit.framework.AssertionFailedError">junit.framework.AssertionFailedError: job #44 has stderr.txt output: 
Error in file(file, &quot;rt&quot;) : cannot open the connection
Calls: tryCatch ... tryCatchList -&gt; GP.affyst.efc -&gt; read.clm -&gt; read.table -&gt; file
Execution halted
	at org.genepattern.gpunit.test.BatchModuleTest.gpunit(BatchModuleTest.java:173)
</failure>

      </testcase>

      <testcase classname="org.genepattern.gpunit.test.BatchModuleTest" name="gpunit[clm_options_invalid_dup_entires_test]" time="242.468">
          <failure message="job #47, Files differ, &apos;/Volumes/xchip_sqa/Modules/TestSuiteData/AffySTExpressionFileCreator/v1/output/clm_options/invalid_dup_entires_test/stdout.txt&apos;, &apos;./test_runs/jobResults/run_20150209_1407/clm_options_invalid_dup_entires_test/stdout.txt&apos;" type="junit.framework.AssertionFailedError">junit.framework.AssertionFailedError: job #47, Files differ, &apos;/Volumes/xchip_sqa/Modules/TestSuiteData/AffySTExpressionFileCreator/v1/output/clm_options/invalid_dup_entires_test/stdout.txt&apos;, &apos;./test_runs/jobResults/run_20150209_1407/clm_options_invalid_dup_entires_test/stdout.txt&apos;
	at org.genepattern.gpunit.test.BatchModuleTest.gpunit(BatchModuleTest.java:173)
</failure>

      </testcase>

      <testcase classname="org.genepattern.gpunit.test.BatchModuleTest" name="gpunit[input_options_invalid_mixed_ST_array_types_zip_test]" time="1.046">
          <failure message="Error submitting job: POST http://192.168.195.73:8080/gp/rest/v1/jobs failed! 500: Internal Server Error" type="junit.framework.AssertionFailedError">junit.framework.AssertionFailedError: Error submitting job: POST http://192.168.195.73:8080/gp/rest/v1/jobs failed! 500: Internal Server Error
	at org.genepattern.gpunit.test.BatchModuleTest.gpunit(BatchModuleTest.java:173)
</failure>

      </testcase>

      <testcase classname="org.genepattern.gpunit.test.BatchModuleTest" name="gpunit[input_options_invalid_nonST_zip_test]" time="1.072">
          <failure message="Error submitting job: POST http://192.168.195.73:8080/gp/rest/v1/jobs failed! 500: Internal Server Error" type="junit.framework.AssertionFailedError">junit.framework.AssertionFailedError: Error submitting job: POST http://192.168.195.73:8080/gp/rest/v1/jobs failed! 500: Internal Server Error
	at org.genepattern.gpunit.test.BatchModuleTest.gpunit(BatchModuleTest.java:173)
</failure>

      </testcase>

      <testcase classname="org.genepattern.gpunit.test.BatchModuleTest" name="gpunit[input_options_invalid_ST_with_nonST_zip_test]" time="0.532">
          <failure message="Error submitting job: POST http://192.168.195.73:8080/gp/rest/v1/jobs failed! 500: Internal Server Error" type="junit.framework.AssertionFailedError">junit.framework.AssertionFailedError: Error submitting job: POST http://192.168.195.73:8080/gp/rest/v1/jobs failed! 500: Internal Server Error
	at org.genepattern.gpunit.test.BatchModuleTest.gpunit(BatchModuleTest.java:173)
</failure>

      </testcase>

      <testcase classname="org.genepattern.gpunit.test.BatchModuleTest" name="gpunit[input_options_load_deep_nested_tar_bz2_test]" time="5.469">
          <failure message="Error submitting job: POST http://192.168.195.73:8080/gp/rest/v1/jobs failed! 500: Internal Server Error" type="junit.framework.AssertionFailedError">junit.framework.AssertionFailedError: Error submitting job: POST http://192.168.195.73:8080/gp/rest/v1/jobs failed! 500: Internal Server Error
	at org.genepattern.gpunit.test.BatchModuleTest.gpunit(BatchModuleTest.java:173)
</failure>

      </testcase>

      <testcase classname="org.genepattern.gpunit.test.BatchModuleTest" name="gpunit[input_options_load_deep_nested_zip_test]" time="3.413">
          <failure message="Error submitting job: POST http://192.168.195.73:8080/gp/rest/v1/jobs failed! 500: Internal Server Error" type="junit.framework.AssertionFailedError">junit.framework.AssertionFailedError: Error submitting job: POST http://192.168.195.73:8080/gp/rest/v1/jobs failed! 500: Internal Server Error
	at org.genepattern.gpunit.test.BatchModuleTest.gpunit(BatchModuleTest.java:173)
</failure>

      </testcase>

      <testcase classname="org.genepattern.gpunit.test.BatchModuleTest" name="gpunit[input_options_load_flat_gz_test]" time="0.651">
          <failure message="Error submitting job: POST http://192.168.195.73:8080/gp/rest/v1/jobs failed! 500: Internal Server Error" type="junit.framework.AssertionFailedError">junit.framework.AssertionFailedError: Error submitting job: POST http://192.168.195.73:8080/gp/rest/v1/jobs failed! 500: Internal Server Error
	at org.genepattern.gpunit.test.BatchModuleTest.gpunit(BatchModuleTest.java:173)
</failure>

      </testcase>

      <testcase classname="org.genepattern.gpunit.test.BatchModuleTest" name="gpunit[input_options_load_flat_raw_test]" time="0.572">
          <failure message="Error submitting job: POST http://192.168.195.73:8080/gp/rest/v1/jobs failed! 500: Internal Server Error" type="junit.framework.AssertionFailedError">junit.framework.AssertionFailedError: Error submitting job: POST http://192.168.195.73:8080/gp/rest/v1/jobs failed! 500: Internal Server Error
	at org.genepattern.gpunit.test.BatchModuleTest.gpunit(BatchModuleTest.java:173)
</failure>

      </testcase>

      <testcase classname="org.genepattern.gpunit.test.BatchModuleTest" name="gpunit[input_options_load_flat_tar_gz_test]" time="0.675">
          <failure message="Error submitting job: POST http://192.168.195.73:8080/gp/rest/v1/jobs failed! 500: Internal Server Error" type="junit.framework.AssertionFailedError">junit.framework.AssertionFailedError: Error submitting job: POST http://192.168.195.73:8080/gp/rest/v1/jobs failed! 500: Internal Server Error
	at org.genepattern.gpunit.test.BatchModuleTest.gpunit(BatchModuleTest.java:173)
</failure>

      </testcase>

      <testcase classname="org.genepattern.gpunit.test.BatchModuleTest" name="gpunit[input_options_load_flat_tar_test]" time="1.097">
          <failure message="Error submitting job: POST http://192.168.195.73:8080/gp/rest/v1/jobs failed! 500: Internal Server Error" type="junit.framework.AssertionFailedError">junit.framework.AssertionFailedError: Error submitting job: POST http://192.168.195.73:8080/gp/rest/v1/jobs failed! 500: Internal Server Error
	at org.genepattern.gpunit.test.BatchModuleTest.gpunit(BatchModuleTest.java:173)
</failure>

      </testcase>

      <testcase classname="org.genepattern.gpunit.test.BatchModuleTest" name="gpunit[input_options_load_flat_tar_xz_test]" time="0.804">
          <failure message="Error submitting job: POST http://192.168.195.73:8080/gp/rest/v1/jobs failed! 500: Internal Server Error" type="junit.framework.AssertionFailedError">junit.framework.AssertionFailedError: Error submitting job: POST http://192.168.195.73:8080/gp/rest/v1/jobs failed! 500: Internal Server Error
	at org.genepattern.gpunit.test.BatchModuleTest.gpunit(BatchModuleTest.java:173)
</failure>

      </testcase>

      <testcase classname="org.genepattern.gpunit.test.BatchModuleTest" name="gpunit[input_options_load_flat_zip_test]" time="0.948">
          <failure message="Error submitting job: POST http://192.168.195.73:8080/gp/rest/v1/jobs failed! 500: Internal Server Error" type="junit.framework.AssertionFailedError">junit.framework.AssertionFailedError: Error submitting job: POST http://192.168.195.73:8080/gp/rest/v1/jobs failed! 500: Internal Server Error
	at org.genepattern.gpunit.test.BatchModuleTest.gpunit(BatchModuleTest.java:173)
</failure>

      </testcase>

      <testcase classname="org.genepattern.gpunit.test.BatchModuleTest" name="gpunit[input_options_load_mixed_inputs_test]" time="1.675">
          <failure message="Error submitting job: POST http://192.168.195.73:8080/gp/rest/v1/jobs failed! 500: Internal Server Error" type="junit.framework.AssertionFailedError">junit.framework.AssertionFailedError: Error submitting job: POST http://192.168.195.73:8080/gp/rest/v1/jobs failed! 500: Internal Server Error
	at org.genepattern.gpunit.test.BatchModuleTest.gpunit(BatchModuleTest.java:173)
</failure>

      </testcase>

      <testcase classname="org.genepattern.gpunit.test.BatchModuleTest" name="gpunit[misc_params_bg_correct_off_test]" time="0.371">
          <failure message="Error submitting job: POST http://192.168.195.73:8080/gp/rest/v1/jobs failed! 500: Internal Server Error" type="junit.framework.AssertionFailedError">junit.framework.AssertionFailedError: Error submitting job: POST http://192.168.195.73:8080/gp/rest/v1/jobs failed! 500: Internal Server Error
	at org.genepattern.gpunit.test.BatchModuleTest.gpunit(BatchModuleTest.java:173)
</failure>

      </testcase>

      <testcase classname="org.genepattern.gpunit.test.BatchModuleTest" name="gpunit[anno_options_MoGene_2_0_ST_test]" time="266.365">
          <failure message="job #41 has stderr.txt output: &#xa;Error in sqliteSendQuery(con, statement, bind.data) : &#xa;  error in statement: database disk image is malformed&#xa;Error in sqliteSendQuery(con, statement, bind.data) : &#xa;  error in statement: database disk image is malformed&#xa;Calls: tryCatch ... .local -&gt; sqliteGetQuery -&gt; sqliteSendQuery -&gt; .Call&#xa;Execution halted" type="junit.framework.AssertionFailedError">junit.framework.AssertionFailedError: job #41 has stderr.txt output: 
Error in sqliteSendQuery(con, statement, bind.data) : 
  error in statement: database disk image is malformed
Error in sqliteSendQuery(con, statement, bind.data) : 
  error in statement: database disk image is malformed
Calls: tryCatch ... .local -&gt; sqliteGetQuery -&gt; sqliteSendQuery -&gt; .Call
Execution halted
	at org.genepattern.gpunit.test.BatchModuleTest.gpunit(BatchModuleTest.java:173)
</failure>

      </testcase>

      <testcase classname="org.genepattern.gpunit.test.BatchModuleTest" name="gpunit[input_options_invalid_mixed_inputs_overlap1_test]" time="165.355">
          <failure message="job #49, Files differ, &apos;/Volumes/xchip_sqa/Modules/TestSuiteData/AffySTExpressionFileCreator/v1/output/input_options/invalid_mixed_inputs_overlap1_test/stdout.txt&apos;, &apos;./test_runs/jobResults/run_20150209_1407/input_options_invalid_mixed_inputs_overlap1_test/stdout.txt&apos;" type="junit.framework.AssertionFailedError">junit.framework.AssertionFailedError: job #49, Files differ, &apos;/Volumes/xchip_sqa/Modules/TestSuiteData/AffySTExpressionFileCreator/v1/output/input_options/invalid_mixed_inputs_overlap1_test/stdout.txt&apos;, &apos;./test_runs/jobResults/run_20150209_1407/input_options_invalid_mixed_inputs_overlap1_test/stdout.txt&apos;
	at org.genepattern.gpunit.test.BatchModuleTest.gpunit(BatchModuleTest.java:173)
</failure>

      </testcase>

      <testcase classname="org.genepattern.gpunit.test.BatchModuleTest" name="gpunit[input_options_invalid_mixed_inputs_overlap2_test]" time="253.603">
          <failure message="job #50, Files differ, &apos;/Volumes/xchip_sqa/Modules/TestSuiteData/AffySTExpressionFileCreator/v1/output/input_options/invalid_mixed_inputs_overlap2_test/stdout.txt&apos;, &apos;./test_runs/jobResults/run_20150209_1407/input_options_invalid_mixed_inputs_overlap2_test/stdout.txt&apos;" type="junit.framework.AssertionFailedError">junit.framework.AssertionFailedError: job #50, Files differ, &apos;/Volumes/xchip_sqa/Modules/TestSuiteData/AffySTExpressionFileCreator/v1/output/input_options/invalid_mixed_inputs_overlap2_test/stdout.txt&apos;, &apos;./test_runs/jobResults/run_20150209_1407/input_options_invalid_mixed_inputs_overlap2_test/stdout.txt&apos;
	at org.genepattern.gpunit.test.BatchModuleTest.gpunit(BatchModuleTest.java:173)
</failure>

      </testcase>

      <testcase classname="org.genepattern.gpunit.test.BatchModuleTest" name="gpunit[input_options_invalid_mixed_inputs_overlap3_test]" time="149.127">
          <failure message="job #51, Files differ, &apos;/Volumes/xchip_sqa/Modules/TestSuiteData/AffySTExpressionFileCreator/v1/output/input_options/invalid_mixed_inputs_overlap3_test/stdout.txt&apos;, &apos;./test_runs/jobResults/run_20150209_1407/input_options_invalid_mixed_inputs_overlap3_test/stdout.txt&apos;" type="junit.framework.AssertionFailedError">junit.framework.AssertionFailedError: job #51, Files differ, &apos;/Volumes/xchip_sqa/Modules/TestSuiteData/AffySTExpressionFileCreator/v1/output/input_options/invalid_mixed_inputs_overlap3_test/stdout.txt&apos;, &apos;./test_runs/jobResults/run_20150209_1407/input_options_invalid_mixed_inputs_overlap3_test/stdout.txt&apos;
	at org.genepattern.gpunit.test.BatchModuleTest.gpunit(BatchModuleTest.java:173)
</failure>

      </testcase>

      <testcase classname="org.genepattern.gpunit.test.BatchModuleTest" name="gpunit[qc_plot_options_generate_svg_test]" time="0.453">
          <failure message="Error submitting job: POST http://192.168.195.73:8080/gp/rest/v1/jobs failed! 500: Internal Server Error" type="junit.framework.AssertionFailedError">junit.framework.AssertionFailedError: Error submitting job: POST http://192.168.195.73:8080/gp/rest/v1/jobs failed! 500: Internal Server Error
	at org.genepattern.gpunit.test.BatchModuleTest.gpunit(BatchModuleTest.java:173)
</failure>

      </testcase>

      <testcase classname="org.genepattern.gpunit.test.BatchModuleTest" name="gpunit[misc_params_norm_off_test]" time="159.38">
          <failure message="job #56 has stderr.txt output: &#xa;Error in read.celfile.header(x) : &#xa;  End of file reached unexpectedly. Perhaps this file is truncated.&#xa;Calls: tryCatch ... sapply -&gt; lapply -&gt; FUN -&gt; read.celfile.header -&gt; .Call&#xa;Execution halted" type="junit.framework.AssertionFailedError">junit.framework.AssertionFailedError: job #56 has stderr.txt output: 
Error in read.celfile.header(x) : 
  End of file reached unexpectedly. Perhaps this file is truncated.
Calls: tryCatch ... sapply -&gt; lapply -&gt; FUN -&gt; read.celfile.header -&gt; .Call
Execution halted
	at org.genepattern.gpunit.test.BatchModuleTest.gpunit(BatchModuleTest.java:173)
</failure>

      </testcase>

      <testcase classname="org.genepattern.gpunit.test.BatchModuleTest" name="gpunit[misc_params_compute_PA_test]" time="165.022">
          <failure message="job #55 has stderr.txt output: &#xa;Error in read.celfile.header(x) : &#xa;  End of file reached unexpectedly. Perhaps this file is truncated.&#xa;Calls: tryCatch ... sapply -&gt; lapply -&gt; FUN -&gt; read.celfile.header -&gt; .Call&#xa;Execution halted" type="junit.framework.AssertionFailedError">junit.framework.AssertionFailedError: job #55 has stderr.txt output: 
Error in read.celfile.header(x) : 
  End of file reached unexpectedly. Perhaps this file is truncated.
Calls: tryCatch ... sapply -&gt; lapply -&gt; FUN -&gt; read.celfile.header -&gt; .Call
Execution halted
	at org.genepattern.gpunit.test.BatchModuleTest.gpunit(BatchModuleTest.java:173)
</failure>

      </testcase>

      <testcase classname="org.genepattern.gpunit.test.BatchModuleTest" name="gpunit[qc_plot_options_generate_pdf_test]" time="142.529">
          <failure message="job #57 has stderr.txt output: &#xa;Error in read.celfile.header(x) : &#xa;  End of file reached unexpectedly. Perhaps this file is truncated.&#xa;Calls: tryCatch ... sapply -&gt; lapply -&gt; FUN -&gt; read.celfile.header -&gt; .Call&#xa;Execution halted" type="junit.framework.AssertionFailedError">junit.framework.AssertionFailedError: job #57 has stderr.txt output: 
Error in read.celfile.header(x) : 
  End of file reached unexpectedly. Perhaps this file is truncated.
Calls: tryCatch ... sapply -&gt; lapply -&gt; FUN -&gt; read.celfile.header -&gt; .Call
Execution halted
	at org.genepattern.gpunit.test.BatchModuleTest.gpunit(BatchModuleTest.java:173)
</failure>

      </testcase>

      <testcase classname="org.genepattern.gpunit.test.BatchModuleTest" name="gpunit[qc_plot_options_generate_png_test]" time="54.027">
          <failure message="job #58 has stderr.txt output: &#xa;Error in read.celfile.header(x) : &#xa;  End of file reached unexpectedly. Perhaps this file is truncated.&#xa;Calls: tryCatch ... sapply -&gt; lapply -&gt; FUN -&gt; read.celfile.header -&gt; .Call&#xa;Execution halted" type="junit.framework.AssertionFailedError">junit.framework.AssertionFailedError: job #58 has stderr.txt output: 
Error in read.celfile.header(x) : 
  End of file reached unexpectedly. Perhaps this file is truncated.
Calls: tryCatch ... sapply -&gt; lapply -&gt; FUN -&gt; read.celfile.header -&gt; .Call
Execution halted
	at org.genepattern.gpunit.test.BatchModuleTest.gpunit(BatchModuleTest.java:173)
</failure>

      </testcase>

      <testcase classname="org.genepattern.gpunit.test.BatchModuleTest" name="gpunit[input_options_invalid_mixed_inputs_overlap6_test]" time="3358.011">
          <error type="java.lang.InterruptedException">java.lang.InterruptedException
	at java.lang.Object.wait(Native Method)
	at java.lang.Thread.join(Thread.java:1289)
	at java.util.concurrent.Executors$RunnableAdapter.call(Executors.java:471)
	at java.util.concurrent.FutureTask.run(FutureTask.java:262)
	at java.util.concurrent.ThreadPoolExecutor.runWorker(ThreadPoolExecutor.java:1145)
	at java.util.concurrent.ThreadPoolExecutor$Worker.run(ThreadPoolExecutor.java:615)
	at java.lang.Thread.run(Thread.java:745)
</error>

      </testcase>

      <system-out><![CDATA[]]></system-out>

      <testcase classname="org.genepattern.gpunit.test.BatchModuleTest" name="gpunit[input_options_invalid_mixed_inputs_overlap4_test]" time="3358.047">
          <error type="java.lang.InterruptedException">java.lang.InterruptedException
	at java.lang.Object.wait(Native Method)
	at java.lang.Thread.join(Thread.java:1289)
	at java.util.concurrent.Executors$RunnableAdapter.call(Executors.java:471)
	at java.util.concurrent.FutureTask.run(FutureTask.java:262)
	at java.util.concurrent.ThreadPoolExecutor.runWorker(ThreadPoolExecutor.java:1145)
	at java.util.concurrent.ThreadPoolExecutor$Worker.run(ThreadPoolExecutor.java:615)
	at java.lang.Thread.run(Thread.java:745)
</error>

      </testcase>

      <system-err><![CDATA[]]></system-err>

      <testcase classname="org.genepattern.gpunit.test.BatchModuleTest" name="gpunit[input_options_invalid_mixed_inputs_overlap5_test]" time="3358.026">
          <error type="java.lang.InterruptedException">java.lang.InterruptedException
	at java.lang.Object.wait(Native Method)
	at java.lang.Thread.join(Thread.java:1289)
	at java.util.concurrent.Executors$RunnableAdapter.call(Executors.java:471)
	at java.util.concurrent.FutureTask.run(FutureTask.java:262)
	at java.util.concurrent.ThreadPoolExecutor.runWorker(ThreadPoolExecutor.java:1145)
	at java.util.concurrent.ThreadPoolExecutor$Worker.run(ThreadPoolExecutor.java:615)
	at java.lang.Thread.run(Thread.java:745)
</error>

      </testcase>

  </testsuite>
</testsuites>
