<html xmlns:string="xalan://java.lang.String" xmlns:lxslt="http://xml.apache.org/xslt">
<head>
<META http-equiv="Content-Type" content="text/html; charset=UTF-8">
<title>Unit Test Results: org.genepattern.gpunit.test.BatchModuleTest</title>
<link rel="stylesheet" type="text/css" title="Style" href="../../../../stylesheet.css">
<script type="text/javascript" language="JavaScript">
        var TestCases = new Array();
        var cur;
        
    cur = TestCases['org.genepattern.gpunit.test.BatchModuleTest'] = new Array();
    
        cur['ant.core.lib'] = '/Users/eby/Packages/apache-ant-1.9.4/lib/ant.jar';
    
        cur['ant.file'] = '/Users/eby/Documents/workspace/GenePattern/GpUnit/build.xml';
    
        cur['ant.file.gp-unit'] = '/Users/eby/Documents/workspace/GenePattern/GpUnit/build.xml';
    
        cur['ant.file.gpunit_runner'] = '/Users/eby/Documents/workspace/GenePattern/modules/AffySTExpressionFileCreator/gpunit/v1/build.xml';
    
        cur['ant.file.type'] = 'file';
    
        cur['ant.file.type.gp-unit'] = 'file';
    
        cur['ant.file.type.gpunit_runner'] = 'file';
    
        cur['ant.home'] = '/Users/eby/Packages/apache-ant-1.9.4';
    
        cur['ant.java.version'] = '1.7';
    
        cur['ant.library.dir'] = '/Users/eby/Packages/apache-ant-1.9.4/lib';
    
        cur['ant.project.default-target'] = 'package';
    
        cur['ant.project.invoked-targets'] = 'gpunit';
    
        cur['ant.project.name'] = 'gp-unit';
    
        cur['ant.version'] = 'Apache Ant(TM) version 1.9.4 compiled on April 29 2014';
    
        cur['awt.toolkit'] = 'sun.lwawt.macosx.LWCToolkit';
    
        cur['basedir'] = '/Users/eby/Documents/workspace/GenePattern/modules/AffySTExpressionFileCreator/gpunit/v1';
    
        cur['client.lib.dir'] = '/Users/eby/Documents/workspace/GenePattern/GpUnit/tmp/192.168.195.73/client';
    
        cur['DSTAMP'] = '20150209';
    
        cur['file.encoding'] = 'UTF-8';
    
        cur['file.encoding.pkg'] = 'sun.io';
    
        cur['file.separator'] = '/';
    
        cur['ftp.nonProxyHosts'] = 'local|*.local|169.254/16|*.169.254/16';
    
        cur['genePatternUrl'] = 'http://192.168.195.73:8080';
    
        cur['gopherProxySet'] = 'false';
    
        cur['gp.host'] = '192.168.195.73';
    
        cur['gp.password'] = '';
    
        cur['gp.port'] = ':8080';
    
        cur['gp.url'] = 'http://192.168.195.73:8080';
    
        cur['gp.user'] = 'eby@broadinstitute.org';
    
        cur['gp-client-lib-exists'] = 'true';
    
        cur['gp-server-online'] = 'true';
    
        cur['gpunit.batch.name'] = 'run_20150209_1407';
    
        cur['gpunit.classpath.prop'] = '/Users/eby/Documents/workspace/GenePattern/GpUnit/classes:/Users/eby/Documents/workspace/GenePattern/GpUnit/lib/commons-codec-1.3.jar:/Users/eby/Documents/workspace/GenePattern/GpUnit/lib/commons-compress-1.8.jar:/Users/eby/Documents/workspace/GenePattern/GpUnit/lib/gp-modules-updated.jar:/Users/eby/Documents/workspace/GenePattern/GpUnit/lib/gson-2.3.jar:/Users/eby/Documents/workspace/GenePattern/GpUnit/lib/hamcrest-core-1.3.jar:/Users/eby/Documents/workspace/GenePattern/GpUnit/lib/httpclient-4.0.jar:/Users/eby/Documents/workspace/GenePattern/GpUnit/lib/httpcore-4.0.1.jar:/Users/eby/Documents/workspace/GenePattern/GpUnit/lib/junit-4.11.jar:/Users/eby/Documents/workspace/GenePattern/GpUnit/lib/snakeyaml-1.10.jar:/Users/eby/Documents/workspace/GenePattern/GpUnit/tmp/192.168.195.73/client/GenePattern.jar:/Users/eby/Documents/workspace/GenePattern/GpUnit/tmp/192.168.195.73/client/lib/Jama-1.0.1.jar:/Users/eby/Documents/workspace/GenePattern/GpUnit/tmp/192.168.195.73/client/lib/MAGEstk-2003-10-24-v1.1-compatible.jar:/Users/eby/Documents/workspace/GenePattern/GpUnit/tmp/192.168.195.73/client/lib/activation.jar:/Users/eby/Documents/workspace/GenePattern/GpUnit/tmp/192.168.195.73/client/lib/axis.jar:/Users/eby/Documents/workspace/GenePattern/GpUnit/tmp/192.168.195.73/client/lib/commons-codec-1.3.jar:/Users/eby/Documents/workspace/GenePattern/GpUnit/tmp/192.168.195.73/client/lib/commons-discovery-0.2.jar:/Users/eby/Documents/workspace/GenePattern/GpUnit/tmp/192.168.195.73/client/lib/commons-httpclient-3.1.jar:/Users/eby/Documents/workspace/GenePattern/GpUnit/tmp/192.168.195.73/client/lib/commons-logging.jar:/Users/eby/Documents/workspace/GenePattern/GpUnit/tmp/192.168.195.73/client/lib/gp-modules.jar:/Users/eby/Documents/workspace/GenePattern/GpUnit/tmp/192.168.195.73/client/lib/jaxrpc.jar:/Users/eby/Documents/workspace/GenePattern/GpUnit/tmp/192.168.195.73/client/lib/log4j-1.2.16.jar:/Users/eby/Documents/workspace/GenePattern/GpUnit/tmp/192.168.195.73/client/lib/mail.jar:/Users/eby/Documents/workspace/GenePattern/GpUnit/tmp/192.168.195.73/client/lib/saaj.jar:/Users/eby/Documents/workspace/GenePattern/GpUnit/tmp/192.168.195.73/client/lib/trove.jar:/Users/eby/Documents/workspace/GenePattern/GpUnit/tmp/192.168.195.73/client/lib/wsdl4j-1.5.1.jar';
    
        cur['gpunit.client'] = 'REST';
    
        cur['gpunit.delete.jobs'] = 'false';
    
        cur['gpunit.dir'] = '/Users/eby/Documents/workspace/GenePattern/GpUnit';
    
        cur['gpunit.jobCompletionTimeout'] = '';
    
        cur['gpunit.numThreads'] = '8';
    
        cur['gpunit.outputdir'] = './test_runs/jobResults';
    
        cur['gpunit.properties'] = 'gpunit.properties';
    
        cur['gpunit.save.downloads'] = 'true';
    
        cur['gpunit.server.dir'] = '';
    
        cur['gpunit.shutdownTimeout'] = '3600';
    
        cur['gpunit.testcase.dirs'] = '/Users/eby/Documents/workspace/GenePattern/modules/AffySTExpressionFileCreator/gpunit/v1';
    
        cur['gpunit.testfolder'] = './';
    
        cur['gpunit.testTimeout'] = '';
    
        cur['gpunit.upload.dir'] = '';
    
        cur['http.nonProxyHosts'] = 'local|*.local|169.254/16|*.169.254/16';
    
        cur['java.awt.graphicsenv'] = 'sun.awt.CGraphicsEnvironment';
    
        cur['java.awt.printerjob'] = 'sun.lwawt.macosx.CPrinterJob';
    
        cur['java.class.path'] = '/Users/eby/Documents/workspace/GenePattern/GpUnit/classes:/Users/eby/Documents/workspace/GenePattern/GpUnit/lib/commons-codec-1.3.jar:/Users/eby/Documents/workspace/GenePattern/GpUnit/lib/commons-compress-1.8.jar:/Users/eby/Documents/workspace/GenePattern/GpUnit/lib/gp-modules-updated.jar:/Users/eby/Documents/workspace/GenePattern/GpUnit/lib/gson-2.3.jar:/Users/eby/Documents/workspace/GenePattern/GpUnit/lib/hamcrest-core-1.3.jar:/Users/eby/Documents/workspace/GenePattern/GpUnit/lib/httpclient-4.0.jar:/Users/eby/Documents/workspace/GenePattern/GpUnit/lib/httpcore-4.0.1.jar:/Users/eby/Documents/workspace/GenePattern/GpUnit/lib/junit-4.11.jar:/Users/eby/Documents/workspace/GenePattern/GpUnit/lib/snakeyaml-1.10.jar:/Users/eby/Documents/workspace/GenePattern/GpUnit/tmp/192.168.195.73/client/GenePattern.jar:/Users/eby/Documents/workspace/GenePattern/GpUnit/tmp/192.168.195.73/client/lib/Jama-1.0.1.jar:/Users/eby/Documents/workspace/GenePattern/GpUnit/tmp/192.168.195.73/client/lib/MAGEstk-2003-10-24-v1.1-compatible.jar:/Users/eby/Documents/workspace/GenePattern/GpUnit/tmp/192.168.195.73/client/lib/activation.jar:/Users/eby/Documents/workspace/GenePattern/GpUnit/tmp/192.168.195.73/client/lib/axis.jar:/Users/eby/Documents/workspace/GenePattern/GpUnit/tmp/192.168.195.73/client/lib/commons-codec-1.3.jar:/Users/eby/Documents/workspace/GenePattern/GpUnit/tmp/192.168.195.73/client/lib/commons-discovery-0.2.jar:/Users/eby/Documents/workspace/GenePattern/GpUnit/tmp/192.168.195.73/client/lib/commons-httpclient-3.1.jar:/Users/eby/Documents/workspace/GenePattern/GpUnit/tmp/192.168.195.73/client/lib/commons-logging.jar:/Users/eby/Documents/workspace/GenePattern/GpUnit/tmp/192.168.195.73/client/lib/gp-modules.jar:/Users/eby/Documents/workspace/GenePattern/GpUnit/tmp/192.168.195.73/client/lib/jaxrpc.jar:/Users/eby/Documents/workspace/GenePattern/GpUnit/tmp/192.168.195.73/client/lib/log4j-1.2.16.jar:/Users/eby/Documents/workspace/GenePattern/GpUnit/tmp/192.168.195.73/client/lib/mail.jar:/Users/eby/Documents/workspace/GenePattern/GpUnit/tmp/192.168.195.73/client/lib/saaj.jar:/Users/eby/Documents/workspace/GenePattern/GpUnit/tmp/192.168.195.73/client/lib/trove.jar:/Users/eby/Documents/workspace/GenePattern/GpUnit/tmp/192.168.195.73/client/lib/wsdl4j-1.5.1.jar:/Users/eby/Packages/apache-ant-1.9.4/lib/ant-launcher.jar:/Users/eby/Packages/apache-ant-1.9.4/lib/ant.jar:/Users/eby/Packages/apache-ant-1.9.4/lib/ant-junit.jar:/Users/eby/Packages/apache-ant-1.9.4/lib/ant-junit4.jar';
    
        cur['java.class.version'] = '51.0';
    
        cur['java.endorsed.dirs'] = '/Library/Java/JavaVirtualMachines/jdk1.7.0_67.jdk/Contents/Home/jre/lib/endorsed';
    
        cur['java.ext.dirs'] = '/Users/eby/Library/Java/Extensions:/Library/Java/JavaVirtualMachines/jdk1.7.0_67.jdk/Contents/Home/jre/lib/ext:/Library/Java/Extensions:/Network/Library/Java/Extensions:/System/Library/Java/Extensions:/usr/lib/java';
    
        cur['java.home'] = '/Library/Java/JavaVirtualMachines/jdk1.7.0_67.jdk/Contents/Home/jre';
    
        cur['java.io.tmpdir'] = '/var/folders/jr/mkq786rj65vbczgs__qg9w7872k_wx/T/';
    
        cur['java.library.path'] = '/Users/eby/Library/Java/Extensions:/Library/Java/Extensions:/Network/Library/Java/Extensions:/System/Library/Java/Extensions:/usr/lib/java:.';
    
        cur['java.runtime.name'] = 'Java(TM) SE Runtime Environment';
    
        cur['java.runtime.version'] = '1.7.0_67-b01';
    
        cur['java.specification.name'] = 'Java Platform API Specification';
    
        cur['java.specification.vendor'] = 'Oracle Corporation';
    
        cur['java.specification.version'] = '1.7';
    
        cur['java.target'] = '1.5';
    
        cur['java.vendor'] = 'Oracle Corporation';
    
        cur['java.vendor.url'] = 'http://java.oracle.com/';
    
        cur['java.vendor.url.bug'] = 'http://bugreport.sun.com/bugreport/';
    
        cur['java.version'] = '1.7.0_67';
    
        cur['java.vm.info'] = 'mixed mode';
    
        cur['java.vm.name'] = 'Java HotSpot(TM) 64-Bit Server VM';
    
        cur['java.vm.specification.name'] = 'Java Virtual Machine Specification';
    
        cur['java.vm.specification.vendor'] = 'Oracle Corporation';
    
        cur['java.vm.specification.version'] = '1.7';
    
        cur['java.vm.vendor'] = 'Oracle Corporation';
    
        cur['java.vm.version'] = '24.65-b04';
    
        cur['line.separator'] = '\n';
    
        cur['local.dir'] = '/Users/eby/Documents/workspace/GenePattern/GpUnit/tmp/192.168.195.73';
    
        cur['os.arch'] = 'x86_64';
    
        cur['os.name'] = 'Mac OS X';
    
        cur['os.version'] = '10.9.5';
    
        cur['password'] = '';
    
        cur['path.separator'] = ':';
    
        cur['project.basedir'] = '/Users/eby/Documents/workspace/GenePattern/GpUnit';
    
        cur['report.dir'] = './test_runs/reports';
    
        cur['report.run.dir'] = '/Users/eby/Documents/workspace/GenePattern/modules/AffySTExpressionFileCreator/gpunit/v1/test_runs/reports/run_20150209_1407';
    
        cur['socksNonProxyHosts'] = 'local|*.local|169.254/16|*.169.254/16';
    
        cur['sun.arch.data.model'] = '64';
    
        cur['sun.boot.class.path'] = '/Library/Java/JavaVirtualMachines/jdk1.7.0_67.jdk/Contents/Home/jre/lib/resources.jar:/Library/Java/JavaVirtualMachines/jdk1.7.0_67.jdk/Contents/Home/jre/lib/rt.jar:/Library/Java/JavaVirtualMachines/jdk1.7.0_67.jdk/Contents/Home/jre/lib/sunrsasign.jar:/Library/Java/JavaVirtualMachines/jdk1.7.0_67.jdk/Contents/Home/jre/lib/jsse.jar:/Library/Java/JavaVirtualMachines/jdk1.7.0_67.jdk/Contents/Home/jre/lib/jce.jar:/Library/Java/JavaVirtualMachines/jdk1.7.0_67.jdk/Contents/Home/jre/lib/charsets.jar:/Library/Java/JavaVirtualMachines/jdk1.7.0_67.jdk/Contents/Home/jre/lib/jfr.jar:/Library/Java/JavaVirtualMachines/jdk1.7.0_67.jdk/Contents/Home/jre/classes';
    
        cur['sun.boot.library.path'] = '/Library/Java/JavaVirtualMachines/jdk1.7.0_67.jdk/Contents/Home/jre/lib';
    
        cur['sun.cpu.endian'] = 'little';
    
        cur['sun.cpu.isalist'] = '';
    
        cur['sun.io.unicode.encoding'] = 'UnicodeBig';
    
        cur['sun.java.command'] = 'org.apache.tools.ant.taskdefs.optional.junit.JUnitTestRunner org.genepattern.gpunit.test.BatchModuleTest skipNonTests=false filtertrace=true haltOnError=false haltOnFailure=false formatter=org.apache.tools.ant.taskdefs.optional.junit.SummaryJUnitResultFormatter showoutput=true outputtoformatters=true logfailedtests=true threadid=0 logtestlistenerevents=false formatter=org.apache.tools.ant.taskdefs.optional.junit.XMLJUnitResultFormatter,/Users/eby/Documents/workspace/GenePattern/modules/AffySTExpressionFileCreator/gpunit/v1/test_runs/reports/run_20150209_1407/TEST-all.xml crashfile=/Users/eby/Documents/workspace/GenePattern/modules/AffySTExpressionFileCreator/gpunit/v1/junitvmwatcher5381693510821344688.properties propsfile=/Users/eby/Documents/workspace/GenePattern/modules/AffySTExpressionFileCreator/gpunit/v1/junit3417502471781916146.properties';
    
        cur['sun.java.launcher'] = 'SUN_STANDARD';
    
        cur['sun.jnu.encoding'] = 'UTF-8';
    
        cur['sun.management.compiler'] = 'HotSpot 64-Bit Tiered Compilers';
    
        cur['sun.os.patch.level'] = 'unknown';
    
        cur['testcases'] = '/Users/eby/Documents/workspace/GenePattern/modules/AffySTExpressionFileCreator/gpunit/v1';
    
        cur['TODAY'] = 'February 9 2015';
    
        cur['TSTAMP'] = '1407';
    
        cur['user.country'] = 'US';
    
        cur['user.dir'] = '/Users/eby/Documents/workspace/GenePattern/modules/AffySTExpressionFileCreator/gpunit/v1';
    
        cur['user.home'] = '/Users/eby';
    
        cur['user.language'] = 'en';
    
        cur['user.name'] = 'eby';
    
        cur['user.timezone'] = '';
    
        cur['username'] = 'eby@broadinstitute.org';
    </script><script type="text/javascript" language="JavaScript">
        function displayProperties (name) {
          var win = window.open('','JUnitSystemProperties','scrollbars=1,resizable=1');
          var doc = win.document;
          doc.open();
          doc.write("<html><head><title>Properties of " + name + "</title>");
          doc.write("<style type=\"text/css\">");
          doc.write("body {font:normal 68% verdana,arial,helvetica; color:#000000; }");
          doc.write("table tr td, table tr th { font-size: 68%; }");
          doc.write("table.properties { border-collapse:collapse; border-left:solid 1 #cccccc; border-top:solid 1 #cccccc; padding:5px; }");
          doc.write("table.properties th { text-align:left; border-right:solid 1 #cccccc; border-bottom:solid 1 #cccccc; background-color:#eeeeee; }");
          doc.write("table.properties td { font:normal; text-align:left; border-right:solid 1 #cccccc; border-bottom:solid 1 #cccccc; background-color:#fffffff; }");
          doc.write("h3 { margin-bottom: 0.5em; font: bold 115% verdana,arial,helvetica }");
          doc.write("</style>");
          doc.write("</head><body>");
          doc.write("<h3>Properties of " + name + "</h3>");
          doc.write("<div align=\"right\"><a href=\"javascript:window.close();\">Close</a></div>");
          doc.write("<table class='properties'>");
          doc.write("<tr><th>Name</th><th>Value</th></tr>");
          for (prop in TestCases[name]) {
            doc.write("<tr><th>" + prop + "</th><td>" + TestCases[name][prop] + "</td></tr>");
          }
          doc.write("</table>");
          doc.write("</body></html>");
          doc.close();
          win.focus();
        }
      
      </script>
</head>
<body>
<h1>Unit Test Results.</h1>
<table width="100%">
<tr>
<td align="left"></td><td align="right">Designed for use with <a href="http://www.junit.org/">JUnit</a> and <a href="http://ant.apache.org/">Ant</a>.</td>
</tr>
</table>
<hr size="1">
<h3>Class org.genepattern.gpunit.test.BatchModuleTest</h3>
<table class="details" border="0" cellpadding="5" cellspacing="2" width="95%">
<tr valign="top">
<th width="80%">Name</th><th>Tests</th><th>Errors</th><th>Failures</th><th>Skipped</th><th nowrap>Time(s)</th><th nowrap>Time Stamp</th><th>Host</th>
</tr>
<tr valign="top" class="Error">
<td><a title="Display all tests" href="0_BatchModuleTest.html">BatchModuleTest</a></td><td><a title="Display all tests" href="0_BatchModuleTest.html">32</a></td><td><a title="Display only errors" href="0_BatchModuleTest-errors.html">1</a></td><td><a title="Display only failures" href="0_BatchModuleTest-fails.html">29</a></td><td>0</td><td>3600.070</td><td>2015-02-09T19:07:36</td><td>vpn6-57.broadinstitute.org</td>
</tr>
</table>
<h2>Failures</h2>
<table class="details" border="0" cellpadding="5" cellspacing="2" width="95%">
<tr valign="top">
<th>Name</th><th>Status</th><th width="80%">Type</th><th nowrap>Time(s)</th>
</tr>
<tr valign="top" class="Failure">
<td><a name="gpunit[input_options_invalid_empty_zip_test]"></a>gpunit[input_options_invalid_empty_zip_test]</td><td>Failure</td><td>job #42, Files differ, '/Volumes/xchip_sqa/Modules/TestSuiteData/AffySTExpressionFileCreator/v1/output/input_options/invalid_empty_zip_test/stdout.txt', './test_runs/jobResults/run_20150209_1407/input_options_invalid_empty_zip_test/stdout.txt'<br>
<br>
<code>junit.framework.AssertionFailedError: job #42, Files differ, '/Volumes/xchip_sqa/Modules/TestSuiteData/AffySTExpressionFileCreator/v1/output/input_options/invalid_empty_zip_test/stdout.txt', './test_runs/jobResults/run_20150209_1407/input_options_invalid_empty_zip_test/stdout.txt'<br>	at org.genepattern.gpunit.test.BatchModuleTest.gpunit(BatchModuleTest.java:173)<br>
</code></td><td>121.755</td>
</tr>
<tr valign="top" class="Failure">
<td><a name="gpunit[anno_options_HuEx_1_0_ST_test]"></a>gpunit[anno_options_HuEx_1_0_ST_test]</td><td>Failure</td><td>job #46 has stderr.txt output: 
Error in "BiocInstaller" %in% installed.packages(lib.loc = site.library)[,  : 
  error in evaluating the argument 'table' in selecting a method for function '%in%': Error in readRDS(dest) : error reading from connection
Calls: installed.packages -&gt; readRDS
Calls: tryCatch ... dyn.loadBioconductorPackage -&gt; init.bioc.loader -&gt; %in%
Execution halted<br>
<br>
<code>junit.framework.AssertionFailedError: job #46 has stderr.txt output: <br>Error in "BiocInstaller" %in% installed.packages(lib.loc = site.library)[,  : <br>  error in evaluating the argument 'table' in selecting a method for function '%in%': Error in readRDS(dest) : error reading from connection<br>Calls: installed.packages -&gt; readRDS<br>Calls: tryCatch ... dyn.loadBioconductorPackage -&gt; init.bioc.loader -&gt; %in%<br>Execution halted<br>	at org.genepattern.gpunit.test.BatchModuleTest.gpunit(BatchModuleTest.java:173)<br>
</code></td><td>128.722</td>
</tr>
<tr valign="top" class="Failure">
<td><a name="gpunit[clm_options_warn_extra_entries_test]"></a>gpunit[clm_options_warn_extra_entries_test]</td><td>Failure</td><td>job #45 has stderr.txt output: 
Error in file(file, "rt") : cannot open the connection
Calls: tryCatch ... tryCatchList -&gt; GP.affyst.efc -&gt; read.clm -&gt; read.table -&gt; file
Execution halted<br>
<br>
<code>junit.framework.AssertionFailedError: job #45 has stderr.txt output: <br>Error in file(file, "rt") : cannot open the connection<br>Calls: tryCatch ... tryCatchList -&gt; GP.affyst.efc -&gt; read.clm -&gt; read.table -&gt; file<br>Execution halted<br>	at org.genepattern.gpunit.test.BatchModuleTest.gpunit(BatchModuleTest.java:173)<br>
</code></td><td>236.017</td>
</tr>
<tr valign="top" class="Failure">
<td><a name="gpunit[clm_options_exclude_test]"></a>gpunit[clm_options_exclude_test]</td><td>Failure</td><td>job #48 has stderr.txt output: 
Error in file(file, "rt") : cannot open the connection
Calls: tryCatch ... tryCatchList -&gt; GP.affyst.efc -&gt; read.clm -&gt; read.table -&gt; file
Execution halted<br>
<br>
<code>junit.framework.AssertionFailedError: job #48 has stderr.txt output: <br>Error in file(file, "rt") : cannot open the connection<br>Calls: tryCatch ... tryCatchList -&gt; GP.affyst.efc -&gt; read.clm -&gt; read.table -&gt; file<br>Execution halted<br>	at org.genepattern.gpunit.test.BatchModuleTest.gpunit(BatchModuleTest.java:173)<br>
</code></td><td>241.956</td>
</tr>
<tr valign="top" class="Failure">
<td><a name="gpunit[anno_options_ZebGene_1_1_ST_test]"></a>gpunit[anno_options_ZebGene_1_1_ST_test]</td><td>Failure</td><td>job #43 has stderr.txt output: 
Error in read.celfile.header(x) : 
  End of file reached unexpectedly. Perhaps this file is truncated.
Calls: tryCatch ... sapply -&gt; lapply -&gt; FUN -&gt; read.celfile.header -&gt; .Call
Execution halted<br>
<br>
<code>junit.framework.AssertionFailedError: job #43 has stderr.txt output: <br>Error in read.celfile.header(x) : <br>  End of file reached unexpectedly. Perhaps this file is truncated.<br>Calls: tryCatch ... sapply -&gt; lapply -&gt; FUN -&gt; read.celfile.header -&gt; .Call<br>Execution halted<br>	at org.genepattern.gpunit.test.BatchModuleTest.gpunit(BatchModuleTest.java:173)<br>
</code></td><td>241.981</td>
</tr>
<tr valign="top" class="Failure">
<td><a name="gpunit[clm_options_rename_and_rearrange_test]"></a>gpunit[clm_options_rename_and_rearrange_test]</td><td>Failure</td><td>job #44 has stderr.txt output: 
Error in file(file, "rt") : cannot open the connection
Calls: tryCatch ... tryCatchList -&gt; GP.affyst.efc -&gt; read.clm -&gt; read.table -&gt; file
Execution halted<br>
<br>
<code>junit.framework.AssertionFailedError: job #44 has stderr.txt output: <br>Error in file(file, "rt") : cannot open the connection<br>Calls: tryCatch ... tryCatchList -&gt; GP.affyst.efc -&gt; read.clm -&gt; read.table -&gt; file<br>Execution halted<br>	at org.genepattern.gpunit.test.BatchModuleTest.gpunit(BatchModuleTest.java:173)<br>
</code></td><td>241.983</td>
</tr>
<tr valign="top" class="Failure">
<td><a name="gpunit[clm_options_invalid_dup_entires_test]"></a>gpunit[clm_options_invalid_dup_entires_test]</td><td>Failure</td><td>job #47, Files differ, '/Volumes/xchip_sqa/Modules/TestSuiteData/AffySTExpressionFileCreator/v1/output/clm_options/invalid_dup_entires_test/stdout.txt', './test_runs/jobResults/run_20150209_1407/clm_options_invalid_dup_entires_test/stdout.txt'<br>
<br>
<code>junit.framework.AssertionFailedError: job #47, Files differ, '/Volumes/xchip_sqa/Modules/TestSuiteData/AffySTExpressionFileCreator/v1/output/clm_options/invalid_dup_entires_test/stdout.txt', './test_runs/jobResults/run_20150209_1407/clm_options_invalid_dup_entires_test/stdout.txt'<br>	at org.genepattern.gpunit.test.BatchModuleTest.gpunit(BatchModuleTest.java:173)<br>
</code></td><td>242.468</td>
</tr>
<tr valign="top" class="Failure">
<td><a name="gpunit[input_options_invalid_mixed_ST_array_types_zip_test]"></a>gpunit[input_options_invalid_mixed_ST_array_types_zip_test]</td><td>Failure</td><td>Error submitting job: POST http://192.168.195.73:8080/gp/rest/v1/jobs failed! 500: Internal Server Error<br>
<br>
<code>junit.framework.AssertionFailedError: Error submitting job: POST http://192.168.195.73:8080/gp/rest/v1/jobs failed! 500: Internal Server Error<br>	at org.genepattern.gpunit.test.BatchModuleTest.gpunit(BatchModuleTest.java:173)<br>
</code></td><td>1.046</td>
</tr>
<tr valign="top" class="Failure">
<td><a name="gpunit[input_options_invalid_nonST_zip_test]"></a>gpunit[input_options_invalid_nonST_zip_test]</td><td>Failure</td><td>Error submitting job: POST http://192.168.195.73:8080/gp/rest/v1/jobs failed! 500: Internal Server Error<br>
<br>
<code>junit.framework.AssertionFailedError: Error submitting job: POST http://192.168.195.73:8080/gp/rest/v1/jobs failed! 500: Internal Server Error<br>	at org.genepattern.gpunit.test.BatchModuleTest.gpunit(BatchModuleTest.java:173)<br>
</code></td><td>1.072</td>
</tr>
<tr valign="top" class="Failure">
<td><a name="gpunit[input_options_invalid_ST_with_nonST_zip_test]"></a>gpunit[input_options_invalid_ST_with_nonST_zip_test]</td><td>Failure</td><td>Error submitting job: POST http://192.168.195.73:8080/gp/rest/v1/jobs failed! 500: Internal Server Error<br>
<br>
<code>junit.framework.AssertionFailedError: Error submitting job: POST http://192.168.195.73:8080/gp/rest/v1/jobs failed! 500: Internal Server Error<br>	at org.genepattern.gpunit.test.BatchModuleTest.gpunit(BatchModuleTest.java:173)<br>
</code></td><td>0.532</td>
</tr>
<tr valign="top" class="Failure">
<td><a name="gpunit[input_options_load_deep_nested_tar_bz2_test]"></a>gpunit[input_options_load_deep_nested_tar_bz2_test]</td><td>Failure</td><td>Error submitting job: POST http://192.168.195.73:8080/gp/rest/v1/jobs failed! 500: Internal Server Error<br>
<br>
<code>junit.framework.AssertionFailedError: Error submitting job: POST http://192.168.195.73:8080/gp/rest/v1/jobs failed! 500: Internal Server Error<br>	at org.genepattern.gpunit.test.BatchModuleTest.gpunit(BatchModuleTest.java:173)<br>
</code></td><td>5.469</td>
</tr>
<tr valign="top" class="Failure">
<td><a name="gpunit[input_options_load_deep_nested_zip_test]"></a>gpunit[input_options_load_deep_nested_zip_test]</td><td>Failure</td><td>Error submitting job: POST http://192.168.195.73:8080/gp/rest/v1/jobs failed! 500: Internal Server Error<br>
<br>
<code>junit.framework.AssertionFailedError: Error submitting job: POST http://192.168.195.73:8080/gp/rest/v1/jobs failed! 500: Internal Server Error<br>	at org.genepattern.gpunit.test.BatchModuleTest.gpunit(BatchModuleTest.java:173)<br>
</code></td><td>3.413</td>
</tr>
<tr valign="top" class="Failure">
<td><a name="gpunit[input_options_load_flat_gz_test]"></a>gpunit[input_options_load_flat_gz_test]</td><td>Failure</td><td>Error submitting job: POST http://192.168.195.73:8080/gp/rest/v1/jobs failed! 500: Internal Server Error<br>
<br>
<code>junit.framework.AssertionFailedError: Error submitting job: POST http://192.168.195.73:8080/gp/rest/v1/jobs failed! 500: Internal Server Error<br>	at org.genepattern.gpunit.test.BatchModuleTest.gpunit(BatchModuleTest.java:173)<br>
</code></td><td>0.651</td>
</tr>
<tr valign="top" class="Failure">
<td><a name="gpunit[input_options_load_flat_raw_test]"></a>gpunit[input_options_load_flat_raw_test]</td><td>Failure</td><td>Error submitting job: POST http://192.168.195.73:8080/gp/rest/v1/jobs failed! 500: Internal Server Error<br>
<br>
<code>junit.framework.AssertionFailedError: Error submitting job: POST http://192.168.195.73:8080/gp/rest/v1/jobs failed! 500: Internal Server Error<br>	at org.genepattern.gpunit.test.BatchModuleTest.gpunit(BatchModuleTest.java:173)<br>
</code></td><td>0.572</td>
</tr>
<tr valign="top" class="Failure">
<td><a name="gpunit[input_options_load_flat_tar_gz_test]"></a>gpunit[input_options_load_flat_tar_gz_test]</td><td>Failure</td><td>Error submitting job: POST http://192.168.195.73:8080/gp/rest/v1/jobs failed! 500: Internal Server Error<br>
<br>
<code>junit.framework.AssertionFailedError: Error submitting job: POST http://192.168.195.73:8080/gp/rest/v1/jobs failed! 500: Internal Server Error<br>	at org.genepattern.gpunit.test.BatchModuleTest.gpunit(BatchModuleTest.java:173)<br>
</code></td><td>0.675</td>
</tr>
<tr valign="top" class="Failure">
<td><a name="gpunit[input_options_load_flat_tar_test]"></a>gpunit[input_options_load_flat_tar_test]</td><td>Failure</td><td>Error submitting job: POST http://192.168.195.73:8080/gp/rest/v1/jobs failed! 500: Internal Server Error<br>
<br>
<code>junit.framework.AssertionFailedError: Error submitting job: POST http://192.168.195.73:8080/gp/rest/v1/jobs failed! 500: Internal Server Error<br>	at org.genepattern.gpunit.test.BatchModuleTest.gpunit(BatchModuleTest.java:173)<br>
</code></td><td>1.097</td>
</tr>
<tr valign="top" class="Failure">
<td><a name="gpunit[input_options_load_flat_tar_xz_test]"></a>gpunit[input_options_load_flat_tar_xz_test]</td><td>Failure</td><td>Error submitting job: POST http://192.168.195.73:8080/gp/rest/v1/jobs failed! 500: Internal Server Error<br>
<br>
<code>junit.framework.AssertionFailedError: Error submitting job: POST http://192.168.195.73:8080/gp/rest/v1/jobs failed! 500: Internal Server Error<br>	at org.genepattern.gpunit.test.BatchModuleTest.gpunit(BatchModuleTest.java:173)<br>
</code></td><td>0.804</td>
</tr>
<tr valign="top" class="Failure">
<td><a name="gpunit[input_options_load_flat_zip_test]"></a>gpunit[input_options_load_flat_zip_test]</td><td>Failure</td><td>Error submitting job: POST http://192.168.195.73:8080/gp/rest/v1/jobs failed! 500: Internal Server Error<br>
<br>
<code>junit.framework.AssertionFailedError: Error submitting job: POST http://192.168.195.73:8080/gp/rest/v1/jobs failed! 500: Internal Server Error<br>	at org.genepattern.gpunit.test.BatchModuleTest.gpunit(BatchModuleTest.java:173)<br>
</code></td><td>0.948</td>
</tr>
<tr valign="top" class="Failure">
<td><a name="gpunit[input_options_load_mixed_inputs_test]"></a>gpunit[input_options_load_mixed_inputs_test]</td><td>Failure</td><td>Error submitting job: POST http://192.168.195.73:8080/gp/rest/v1/jobs failed! 500: Internal Server Error<br>
<br>
<code>junit.framework.AssertionFailedError: Error submitting job: POST http://192.168.195.73:8080/gp/rest/v1/jobs failed! 500: Internal Server Error<br>	at org.genepattern.gpunit.test.BatchModuleTest.gpunit(BatchModuleTest.java:173)<br>
</code></td><td>1.675</td>
</tr>
<tr valign="top" class="Failure">
<td><a name="gpunit[misc_params_bg_correct_off_test]"></a>gpunit[misc_params_bg_correct_off_test]</td><td>Failure</td><td>Error submitting job: POST http://192.168.195.73:8080/gp/rest/v1/jobs failed! 500: Internal Server Error<br>
<br>
<code>junit.framework.AssertionFailedError: Error submitting job: POST http://192.168.195.73:8080/gp/rest/v1/jobs failed! 500: Internal Server Error<br>	at org.genepattern.gpunit.test.BatchModuleTest.gpunit(BatchModuleTest.java:173)<br>
</code></td><td>0.371</td>
</tr>
<tr valign="top" class="Failure">
<td><a name="gpunit[anno_options_MoGene_2_0_ST_test]"></a>gpunit[anno_options_MoGene_2_0_ST_test]</td><td>Failure</td><td>job #41 has stderr.txt output: 
Error in sqliteSendQuery(con, statement, bind.data) : 
  error in statement: database disk image is malformed
Error in sqliteSendQuery(con, statement, bind.data) : 
  error in statement: database disk image is malformed
Calls: tryCatch ... .local -&gt; sqliteGetQuery -&gt; sqliteSendQuery -&gt; .Call
Execution halted<br>
<br>
<code>junit.framework.AssertionFailedError: job #41 has stderr.txt output: <br>Error in sqliteSendQuery(con, statement, bind.data) : <br>  error in statement: database disk image is malformed<br>Error in sqliteSendQuery(con, statement, bind.data) : <br>  error in statement: database disk image is malformed<br>Calls: tryCatch ... .local -&gt; sqliteGetQuery -&gt; sqliteSendQuery -&gt; .Call<br>Execution halted<br>	at org.genepattern.gpunit.test.BatchModuleTest.gpunit(BatchModuleTest.java:173)<br>
</code></td><td>266.365</td>
</tr>
<tr valign="top" class="Failure">
<td><a name="gpunit[input_options_invalid_mixed_inputs_overlap1_test]"></a>gpunit[input_options_invalid_mixed_inputs_overlap1_test]</td><td>Failure</td><td>job #49, Files differ, '/Volumes/xchip_sqa/Modules/TestSuiteData/AffySTExpressionFileCreator/v1/output/input_options/invalid_mixed_inputs_overlap1_test/stdout.txt', './test_runs/jobResults/run_20150209_1407/input_options_invalid_mixed_inputs_overlap1_test/stdout.txt'<br>
<br>
<code>junit.framework.AssertionFailedError: job #49, Files differ, '/Volumes/xchip_sqa/Modules/TestSuiteData/AffySTExpressionFileCreator/v1/output/input_options/invalid_mixed_inputs_overlap1_test/stdout.txt', './test_runs/jobResults/run_20150209_1407/input_options_invalid_mixed_inputs_overlap1_test/stdout.txt'<br>	at org.genepattern.gpunit.test.BatchModuleTest.gpunit(BatchModuleTest.java:173)<br>
</code></td><td>165.355</td>
</tr>
<tr valign="top" class="Failure">
<td><a name="gpunit[input_options_invalid_mixed_inputs_overlap2_test]"></a>gpunit[input_options_invalid_mixed_inputs_overlap2_test]</td><td>Failure</td><td>job #50, Files differ, '/Volumes/xchip_sqa/Modules/TestSuiteData/AffySTExpressionFileCreator/v1/output/input_options/invalid_mixed_inputs_overlap2_test/stdout.txt', './test_runs/jobResults/run_20150209_1407/input_options_invalid_mixed_inputs_overlap2_test/stdout.txt'<br>
<br>
<code>junit.framework.AssertionFailedError: job #50, Files differ, '/Volumes/xchip_sqa/Modules/TestSuiteData/AffySTExpressionFileCreator/v1/output/input_options/invalid_mixed_inputs_overlap2_test/stdout.txt', './test_runs/jobResults/run_20150209_1407/input_options_invalid_mixed_inputs_overlap2_test/stdout.txt'<br>	at org.genepattern.gpunit.test.BatchModuleTest.gpunit(BatchModuleTest.java:173)<br>
</code></td><td>253.603</td>
</tr>
<tr valign="top" class="Failure">
<td><a name="gpunit[input_options_invalid_mixed_inputs_overlap3_test]"></a>gpunit[input_options_invalid_mixed_inputs_overlap3_test]</td><td>Failure</td><td>job #51, Files differ, '/Volumes/xchip_sqa/Modules/TestSuiteData/AffySTExpressionFileCreator/v1/output/input_options/invalid_mixed_inputs_overlap3_test/stdout.txt', './test_runs/jobResults/run_20150209_1407/input_options_invalid_mixed_inputs_overlap3_test/stdout.txt'<br>
<br>
<code>junit.framework.AssertionFailedError: job #51, Files differ, '/Volumes/xchip_sqa/Modules/TestSuiteData/AffySTExpressionFileCreator/v1/output/input_options/invalid_mixed_inputs_overlap3_test/stdout.txt', './test_runs/jobResults/run_20150209_1407/input_options_invalid_mixed_inputs_overlap3_test/stdout.txt'<br>	at org.genepattern.gpunit.test.BatchModuleTest.gpunit(BatchModuleTest.java:173)<br>
</code></td><td>149.127</td>
</tr>
<tr valign="top" class="Failure">
<td><a name="gpunit[qc_plot_options_generate_svg_test]"></a>gpunit[qc_plot_options_generate_svg_test]</td><td>Failure</td><td>Error submitting job: POST http://192.168.195.73:8080/gp/rest/v1/jobs failed! 500: Internal Server Error<br>
<br>
<code>junit.framework.AssertionFailedError: Error submitting job: POST http://192.168.195.73:8080/gp/rest/v1/jobs failed! 500: Internal Server Error<br>	at org.genepattern.gpunit.test.BatchModuleTest.gpunit(BatchModuleTest.java:173)<br>
</code></td><td>0.453</td>
</tr>
<tr valign="top" class="Failure">
<td><a name="gpunit[misc_params_norm_off_test]"></a>gpunit[misc_params_norm_off_test]</td><td>Failure</td><td>job #56 has stderr.txt output: 
Error in read.celfile.header(x) : 
  End of file reached unexpectedly. Perhaps this file is truncated.
Calls: tryCatch ... sapply -&gt; lapply -&gt; FUN -&gt; read.celfile.header -&gt; .Call
Execution halted<br>
<br>
<code>junit.framework.AssertionFailedError: job #56 has stderr.txt output: <br>Error in read.celfile.header(x) : <br>  End of file reached unexpectedly. Perhaps this file is truncated.<br>Calls: tryCatch ... sapply -&gt; lapply -&gt; FUN -&gt; read.celfile.header -&gt; .Call<br>Execution halted<br>	at org.genepattern.gpunit.test.BatchModuleTest.gpunit(BatchModuleTest.java:173)<br>
</code></td><td>159.380</td>
</tr>
<tr valign="top" class="Failure">
<td><a name="gpunit[misc_params_compute_PA_test]"></a>gpunit[misc_params_compute_PA_test]</td><td>Failure</td><td>job #55 has stderr.txt output: 
Error in read.celfile.header(x) : 
  End of file reached unexpectedly. Perhaps this file is truncated.
Calls: tryCatch ... sapply -&gt; lapply -&gt; FUN -&gt; read.celfile.header -&gt; .Call
Execution halted<br>
<br>
<code>junit.framework.AssertionFailedError: job #55 has stderr.txt output: <br>Error in read.celfile.header(x) : <br>  End of file reached unexpectedly. Perhaps this file is truncated.<br>Calls: tryCatch ... sapply -&gt; lapply -&gt; FUN -&gt; read.celfile.header -&gt; .Call<br>Execution halted<br>	at org.genepattern.gpunit.test.BatchModuleTest.gpunit(BatchModuleTest.java:173)<br>
</code></td><td>165.022</td>
</tr>
<tr valign="top" class="Failure">
<td><a name="gpunit[qc_plot_options_generate_pdf_test]"></a>gpunit[qc_plot_options_generate_pdf_test]</td><td>Failure</td><td>job #57 has stderr.txt output: 
Error in read.celfile.header(x) : 
  End of file reached unexpectedly. Perhaps this file is truncated.
Calls: tryCatch ... sapply -&gt; lapply -&gt; FUN -&gt; read.celfile.header -&gt; .Call
Execution halted<br>
<br>
<code>junit.framework.AssertionFailedError: job #57 has stderr.txt output: <br>Error in read.celfile.header(x) : <br>  End of file reached unexpectedly. Perhaps this file is truncated.<br>Calls: tryCatch ... sapply -&gt; lapply -&gt; FUN -&gt; read.celfile.header -&gt; .Call<br>Execution halted<br>	at org.genepattern.gpunit.test.BatchModuleTest.gpunit(BatchModuleTest.java:173)<br>
</code></td><td>142.529</td>
</tr>
<tr valign="top" class="Failure">
<td><a name="gpunit[qc_plot_options_generate_png_test]"></a>gpunit[qc_plot_options_generate_png_test]</td><td>Failure</td><td>job #58 has stderr.txt output: 
Error in read.celfile.header(x) : 
  End of file reached unexpectedly. Perhaps this file is truncated.
Calls: tryCatch ... sapply -&gt; lapply -&gt; FUN -&gt; read.celfile.header -&gt; .Call
Execution halted<br>
<br>
<code>junit.framework.AssertionFailedError: job #58 has stderr.txt output: <br>Error in read.celfile.header(x) : <br>  End of file reached unexpectedly. Perhaps this file is truncated.<br>Calls: tryCatch ... sapply -&gt; lapply -&gt; FUN -&gt; read.celfile.header -&gt; .Call<br>Execution halted<br>	at org.genepattern.gpunit.test.BatchModuleTest.gpunit(BatchModuleTest.java:173)<br>
</code></td><td>54.027</td>
</tr>
</table>
<div class="Properties">
<a href="javascript:displayProperties('org.genepattern.gpunit.test.BatchModuleTest');">
                    Properties &raquo;
                </a>
</div>
</body>
</html>
